# JRE version: Java(TM) SE Runtime Environment (8.0_171-b11) (build 1.8.0_171-b11)
# Java VM: Java HotSpot(TM) Client VM (25.171-b11 mixed mode windows-x86 )
Heap:
 def new generation   total 35072K, used 30680K [0x10200000, 0x12800000, 0x25750000)
  eden space 31232K,  85% used [0x10200000, 0x11c362d8, 0x12080000)
  from space 3840K, 100% used [0x12440000, 0x12800000, 0x12800000)
  to   space 3840K,   0% used [0x12080000, 0x12080000, 0x12440000)
 tenured generation   total 77568K, used 65414K [0x25750000, 0x2a310000, 0x50200000)
   the space 77568K,  84% used [0x25750000, 0x29731a18, 0x29731c00, 0x2a310000)
 Metaspace       used 41537K, capacity 43016K, committed 43136K, reserved 43392K
GC Heap History (10 events):
Event: 3027.889 GC heap before
{Heap before GC invocations=122 (full 6):
 def new generation   total 35072K, used 33508K [0x10200000, 0x12800000, 0x25750000)
  eden space 31232K, 100% used [0x10200000, 0x12080000, 0x12080000)
  from space 3840K,  59% used [0x12080000, 0x122b93e8, 0x12440000)
  to   space 3840K,   0% used [0x12440000, 0x12440000, 0x12800000)
 tenured generation   total 77568K, used 56828K [0x25750000, 0x2a310000, 0x50200000)
   the space 77568K,  73% used [0x25750000, 0x28ecf0e8, 0x28ecf200, 0x2a310000)
 Metaspace       used 40429K, capacity 41729K, committed 42112K, reserved 42368K
Event: 3027.896 GC heap after
Heap after GC invocations=123 (full 6):
 def new generation   total 35072K, used 2250K [0x10200000, 0x12800000, 0x25750000)
  eden space 31232K,   0% used [0x10200000, 0x10200000, 0x12080000)
  from space 3840K,  58% used [0x12440000, 0x12672a18, 0x12800000)
  to   space 3840K,   0% used [0x12080000, 0x12080000, 0x12440000)
 tenured generation   total 77568K, used 57903K [0x25750000, 0x2a310000, 0x50200000)
   the space 77568K,  74% used [0x25750000, 0x28fdbe10, 0x28fdc000, 0x2a310000)
 Metaspace       used 40429K, capacity 41729K, committed 42112K, reserved 42368K
}
Event: 3030.477 GC heap before
{Heap before GC invocations=123 (full 6):
 def new generation   total 35072K, used 33482K [0x10200000, 0x12800000, 0x25750000)
  eden space 31232K, 100% used [0x10200000, 0x12080000, 0x12080000)
  from space 3840K,  58% used [0x12440000, 0x12672a18, 0x12800000)
  to   space 3840K,   0% used [0x12080000, 0x12080000, 0x12440000)
 tenured generation   total 77568K, used 57903K [0x25750000, 0x2a310000, 0x50200000)
   the space 77568K,  74% used [0x25750000, 0x28fdbe10, 0x28fdc000, 0x2a310000)
 Metaspace       used 40504K, capacity 41847K, committed 42112K, reserved 42368K
Event: 3030.490 GC heap after
Heap after GC invocations=124 (full 6):
 def new generation   total 35072K, used 2558K [0x10200000, 0x12800000, 0x25750000)
  eden space 31232K,   0% used [0x10200000, 0x10200000, 0x12080000)
  from space 3840K,  66% used [0x12080000, 0x122ff8c0, 0x12440000)
  to   space 3840K,   0% used [0x12440000, 0x12440000, 0x12800000)
 tenured generation   total 77568K, used 59083K [0x25750000, 0x2a310000, 0x50200000)
   the space 77568K,  76% used [0x25750000, 0x29102d08, 0x29102e00, 0x2a310000)
 Metaspace       used 40504K, capacity 41847K, committed 42112K, reserved 42368K
}
Event: 3032.169 GC heap before
{Heap before GC invocations=124 (full 6):
 def new generation   total 35072K, used 33790K [0x10200000, 0x12800000, 0x25750000)
  eden space 31232K, 100% used [0x10200000, 0x12080000, 0x12080000)
  from space 3840K,  66% used [0x12080000, 0x122ff8c0, 0x12440000)
  to   space 3840K,   0% used [0x12440000, 0x12440000, 0x12800000)
 tenured generation   total 77568K, used 59083K [0x25750000, 0x2a310000, 0x50200000)
   the space 77568K,  76% used [0x25750000, 0x29102d08, 0x29102e00, 0x2a310000)
 Metaspace       used 40880K, capacity 42335K, committed 42368K, reserved 42368K
Event: 3032.180 GC heap after
Heap after GC invocations=125 (full 6):
 def new generation   total 35072K, used 3367K [0x10200000, 0x12800000, 0x25750000)
  eden space 31232K,   0% used [0x10200000, 0x10200000, 0x12080000)
  from space 3840K,  87% used [0x12440000, 0x12789e48, 0x12800000)
  to   space 3840K,   0% used [0x12080000, 0x12080000, 0x12440000)
 tenured generation   total 77568K, used 60144K [0x25750000, 0x2a310000, 0x50200000)
   the space 77568K,  77% used [0x25750000, 0x2920c318, 0x2920c400, 0x2a310000)
 Metaspace       used 40880K, capacity 42335K, committed 42368K, reserved 42368K
}
Event: 3032.501 GC heap before
{Heap before GC invocations=125 (full 6):
 def new generation   total 35072K, used 34599K [0x10200000, 0x12800000, 0x25750000)
  eden space 31232K, 100% used [0x10200000, 0x12080000, 0x12080000)
  from space 3840K,  87% used [0x12440000, 0x12789e48, 0x12800000)
  to   space 3840K,   0% used [0x12080000, 0x12080000, 0x12440000)
 tenured generation   total 77568K, used 60144K [0x25750000, 0x2a310000, 0x50200000)
   the space 77568K,  77% used [0x25750000, 0x2920c318, 0x2920c400, 0x2a310000)
 Metaspace       used 40891K, capacity 42350K, committed 42368K, reserved 42368K
Event: 3032.513 GC heap after
Heap after GC invocations=126 (full 6):
 def new generation   total 35072K, used 1343K [0x10200000, 0x12800000, 0x25750000)
  eden space 31232K,   0% used [0x10200000, 0x10200000, 0x12080000)
  from space 3840K,  34% used [0x12080000, 0x121cfe80, 0x12440000)
  to   space 3840K,   0% used [0x12440000, 0x12440000, 0x12800000)
 tenured generation   total 77568K, used 63192K [0x25750000, 0x2a310000, 0x50200000)
   the space 77568K,  81% used [0x25750000, 0x295060a8, 0x29506200, 0x2a310000)
 Metaspace       used 40891K, capacity 42350K, committed 42368K, reserved 42368K
}
Event: 3033.585 GC heap before
{Heap before GC invocations=126 (full 6):
 def new generation   total 35072K, used 32575K [0x10200000, 0x12800000, 0x25750000)
  eden space 31232K, 100% used [0x10200000, 0x12080000, 0x12080000)
  from space 3840K,  34% used [0x12080000, 0x121cfe80, 0x12440000)
  to   space 3840K,   0% used [0x12440000, 0x12440000, 0x12800000)
 tenured generation   total 77568K, used 63192K [0x25750000, 0x2a310000, 0x50200000)
   the space 77568K,  81% used [0x25750000, 0x295060a8, 0x29506200, 0x2a310000)
 Metaspace       used 41338K, capacity 42816K, committed 42880K, reserved 43392K
Event: 3033.604 GC heap after
Heap after GC invocations=127 (full 6):
 def new generation   total 35072K, used 3840K [0x10200000, 0x12800000, 0x25750000)
  eden space 31232K,   0% used [0x10200000, 0x10200000, 0x12080000)
  from space 3840K, 100% used [0x12440000, 0x12800000, 0x12800000)
  to   space 3840K,   0% used [0x12080000, 0x12080000, 0x12440000)
 tenured generation   total 77568K, used 65414K [0x25750000, 0x2a310000, 0x50200000)
   the space 77568K,  84% used [0x25750000, 0x29731a18, 0x29731c00, 0x2a310000)
 Metaspace       used 41338K, capacity 42816K, committed 42880K, reserved 43392K
}

