# JRE version: Java(TM) SE Runtime Environment (8.0_171-b11) (build 1.8.0_171-b11)
# Java VM: Java HotSpot(TM) Client VM (25.171-b11 mixed mode windows-x86 )
Heap:
 def new generation   total 22464K, used 12052K [0x10200000, 0x11a50000, 0x25750000)
  eden space 20032K,  60% used [0x10200000, 0x10dc5060, 0x11590000)
  from space 2432K,   0% used [0x11590000, 0x11590000, 0x117f0000)
  to   space 2432K,   0% used [0x117f0000, 0x117f0000, 0x11a50000)
 tenured generation   total 49544K, used 29724K [0x25750000, 0x287b2000, 0x50200000)
   the space 49544K,  59% used [0x25750000, 0x274570c8, 0x27457200, 0x287b2000)
 Metaspace       used 31764K, capacity 32643K, committed 32768K, reserved 33152K
GC Heap History (10 events):
Event: 4.722 GC heap before
{Heap before GC invocations=79 (full 3):
 def new generation   total 14400K, used 14399K [0x10200000, 0x11190000, 0x25750000)
  eden space 12864K, 100% used [0x10200000, 0x10e90000, 0x10e90000)
  from space 1536K,  99% used [0x11010000, 0x1118fe38, 0x11190000)
  to   space 1536K,   0% used [0x10e90000, 0x10e90000, 0x11010000)
 tenured generation   total 31656K, used 24906K [0x25750000, 0x2763a000, 0x50200000)
   the space 31656K,  78% used [0x25750000, 0x26fa2a70, 0x26fa2c00, 0x2763a000)
 Metaspace       used 30745K, capacity 31584K, committed 31616K, reserved 32128K
Event: 4.729 GC heap after
Heap after GC invocations=80 (full 3):
 def new generation   total 14400K, used 1511K [0x10200000, 0x11190000, 0x25750000)
  eden space 12864K,   0% used [0x10200000, 0x10200000, 0x10e90000)
  from space 1536K,  98% used [0x10e90000, 0x11009de0, 0x11010000)
  to   space 1536K,   0% used [0x11010000, 0x11010000, 0x11190000)
 tenured generation   total 31656K, used 25957K [0x25750000, 0x2763a000, 0x50200000)
   the space 31656K,  81% used [0x25750000, 0x270a95d8, 0x270a9600, 0x2763a000)
 Metaspace       used 30745K, capacity 31584K, committed 31616K, reserved 32128K
}
Event: 4.868 GC heap before
{Heap before GC invocations=80 (full 3):
 def new generation   total 14400K, used 14374K [0x10200000, 0x11190000, 0x25750000)
  eden space 12864K,  99% used [0x10200000, 0x10e8fcc8, 0x10e90000)
  from space 1536K,  98% used [0x10e90000, 0x11009de0, 0x11010000)
  to   space 1536K,   0% used [0x11010000, 0x11010000, 0x11190000)
 tenured generation   total 31656K, used 25957K [0x25750000, 0x2763a000, 0x50200000)
   the space 31656K,  81% used [0x25750000, 0x270a95d8, 0x270a9600, 0x2763a000)
 Metaspace       used 31093K, capacity 31919K, committed 32000K, reserved 32128K
Event: 4.875 GC heap after
Heap after GC invocations=81 (full 3):
 def new generation   total 14400K, used 1109K [0x10200000, 0x11190000, 0x25750000)
  eden space 12864K,   0% used [0x10200000, 0x10200000, 0x10e90000)
  from space 1536K,  72% used [0x11010000, 0x111254d0, 0x11190000)
  to   space 1536K,   0% used [0x10e90000, 0x10e90000, 0x11010000)
 tenured generation   total 31656K, used 26813K [0x25750000, 0x2763a000, 0x50200000)
   the space 31656K,  84% used [0x25750000, 0x2717f4f0, 0x2717f600, 0x2763a000)
 Metaspace       used 31093K, capacity 31919K, committed 32000K, reserved 32128K
}
Event: 5.071 GC heap before
{Heap before GC invocations=81 (full 3):
 def new generation   total 14400K, used 13973K [0x10200000, 0x11190000, 0x25750000)
  eden space 12864K, 100% used [0x10200000, 0x10e90000, 0x10e90000)
  from space 1536K,  72% used [0x11010000, 0x111254d0, 0x11190000)
  to   space 1536K,   0% used [0x10e90000, 0x10e90000, 0x11010000)
 tenured generation   total 31656K, used 26813K [0x25750000, 0x2763a000, 0x50200000)
   the space 31656K,  84% used [0x25750000, 0x2717f4f0, 0x2717f600, 0x2763a000)
 Metaspace       used 31327K, capacity 32185K, committed 32256K, reserved 33152K
Event: 5.076 GC heap after
Heap after GC invocations=82 (full 3):
 def new generation   total 14400K, used 1036K [0x10200000, 0x11190000, 0x25750000)
  eden space 12864K,   0% used [0x10200000, 0x10200000, 0x10e90000)
  from space 1536K,  67% used [0x10e90000, 0x10f933c8, 0x11010000)
  to   space 1536K,   0% used [0x11010000, 0x11010000, 0x11190000)
 tenured generation   total 31656K, used 27398K [0x25750000, 0x2763a000, 0x50200000)
   the space 31656K,  86% used [0x25750000, 0x27211bc8, 0x27211c00, 0x2763a000)
 Metaspace       used 31327K, capacity 32185K, committed 32256K, reserved 33152K
}
Event: 5.188 GC heap before
{Heap before GC invocations=82 (full 3):
 def new generation   total 14400K, used 13900K [0x10200000, 0x11190000, 0x25750000)
  eden space 12864K, 100% used [0x10200000, 0x10e90000, 0x10e90000)
  from space 1536K,  67% used [0x10e90000, 0x10f933c8, 0x11010000)
  to   space 1536K,   0% used [0x11010000, 0x11010000, 0x11190000)
 tenured generation   total 31656K, used 27398K [0x25750000, 0x2763a000, 0x50200000)
   the space 31656K,  86% used [0x25750000, 0x27211bc8, 0x27211c00, 0x2763a000)
 Metaspace       used 31561K, capacity 32444K, committed 32512K, reserved 33152K
Event: 5.198 GC heap after
Heap after GC invocations=83 (full 3):
 def new generation   total 14400K, used 1536K [0x10200000, 0x11190000, 0x25750000)
  eden space 12864K,   0% used [0x10200000, 0x10200000, 0x10e90000)
  from space 1536K, 100% used [0x11010000, 0x11190000, 0x11190000)
  to   space 1536K,   0% used [0x10e90000, 0x10e90000, 0x11010000)
 tenured generation   total 31656K, used 29938K [0x25750000, 0x2763a000, 0x50200000)
   the space 31656K,  94% used [0x25750000, 0x2748c9f8, 0x2748ca00, 0x2763a000)
 Metaspace       used 31561K, capacity 32444K, committed 32512K, reserved 33152K
}
Event: 5.254 GC heap before
{Heap before GC invocations=83 (full 3):
 def new generation   total 14400K, used 14400K [0x10200000, 0x11190000, 0x25750000)
  eden space 12864K, 100% used [0x10200000, 0x10e90000, 0x10e90000)
  from space 1536K, 100% used [0x11010000, 0x11190000, 0x11190000)
  to   space 1536K,   0% used [0x10e90000, 0x10e90000, 0x11010000)
 tenured generation   total 31656K, used 29938K [0x25750000, 0x2763a000, 0x50200000)
   the space 31656K,  94% used [0x25750000, 0x2748c9f8, 0x2748ca00, 0x2763a000)
 Metaspace       used 31561K, capacity 32444K, committed 32512K, reserved 33152K
Event: 5.351 GC heap after
Heap after GC invocations=84 (full 4):
 def new generation   total 22464K, used 0K [0x10200000, 0x11a50000, 0x25750000)
  eden space 20032K,   0% used [0x10200000, 0x10200000, 0x11590000)
  from space 2432K,   0% used [0x11590000, 0x11590000, 0x117f0000)
  to   space 2432K,   0% used [0x117f0000, 0x117f0000, 0x11a50000)
 tenured generation   total 49544K, used 29724K [0x25750000, 0x287b2000, 0x50200000)
   the space 49544K,  59% used [0x25750000, 0x274570c8, 0x27457200, 0x287b2000)
 Metaspace       used 31561K, capacity 32444K, committed 32512K, reserved 33152K
}

